2015-04-11 00:31:58,243 - Model.Solver - Simulations	Runs	Un-discounted Return	Un-discounted Error		Discounted Return	Discounted Error	Time
2015-04-11 00:40:12,516 - Model.Solver - 1000	        2.0		20.0	                0.0		                8.58385672528	    0.832299112226		247.120000005
2015-04-11 00:42:22,683 - Model.Solver - Simulations	Runs	Un-discounted Return	Un-discounted Error		Discounted Return	Discounted Error	Time
2015-04-11 00:42:30,098 - Model.Solver - 2	            2.0		10.0	                0.0		                7.54436414062	    0.136786437015		3.69400000572
2015-04-11 00:43:33,069 - Model.Solver - Simulations	Runs	Un-discounted Return	Un-discounted Error		Discounted Return	Discounted Error	Time
2015-04-11 00:43:40,325 - Model.Solver - 2	            2.0		10.0	                0.0		                7.16714593359       0.129947115164		3.61400008202
2015-04-11 00:45:16,690 - Model.Solver - Simulations	Runs	Un-discounted Return	Un-discounted Error		Discounted Return	Discounted Error	Time

2015-04-11 00:46:21,729 - Model.Solver - 2000	1.0		10.0	0.0		7.35091890625	0.0		65.0260000229
2015-04-11 00:46:38,904 - Model.Solver - Simulations	Runs	Un-discounted Return	Un-discounted Error		Discounted Return	Discounted Error	Time

2015-04-11 00:46:53,536 - Model.Solver - Simulations	Runs	Un-discounted Return	Un-discounted Error		Discounted Return	Discounted Error	Time

2015-04-11 00:49:16,802 - Model.Solver - 2000	1.0		10.0	0.0		0.0562450275932	0.0		143.243999958
2015-04-11 00:49:33,176 - Model.Solver - Simulations	Runs	Un-discounted Return	Un-discounted Error		Discounted Return	Discounted Error	Time

2015-04-11 00:53:50,700 - Model.Solver - Simulations	Runs	Un-discounted Return	Un-discounted Error		Discounted Return	Discounted Error	Time

2015-04-11 00:54:15,591 - Model.Solver - Simulations	Runs	Un-discounted Return	Un-discounted Error		Discounted Return	Discounted Error	Time

2015-04-11 00:57:39,538 - Model.Solver - 2000	2.0		10.0	0.0		4.14780067381	2.2649466231		101.958999991
2015-04-11 00:59:59,388 - Model.Solver - Simulations	Runs	Un-discounted Return	Un-discounted Error		Discounted Return	Discounted Error	Time

2015-04-11 01:01:59,971 - Model.Solver - Simulations	Runs	Un-discounted Return	Un-discounted Error		Discounted Return	Discounted Error	Time

2015-04-11 01:03:45,400 - Model.Solver - Simulations	Runs	Un-discounted Return	Un-discounted Error		Discounted Return	Discounted Error	Time

2015-04-11 01:06:23,941 - Model.Solver - Simulations	Runs	Un-discounted Return	Un-discounted Error		Discounted Return	Discounted Error	Time

2015-04-11 01:07:38,842 - Model.Solver - Simulations	Runs	Un-discounted Return	Un-discounted Error		Discounted Return	Discounted Error	Time

2015-04-11 01:08:05,664 - Model.Solver - Simulations	Runs	Un-discounted Return	Un-discounted Error		Discounted Return	Discounted Error	Time

2015-04-11 01:10:47,483 - Model.Solver - Simulations	Runs	Un-discounted Return	Un-discounted Error		Discounted Return	Discounted Error	Time

2015-04-11 01:13:11,015 - Model.Solver - Simulations	Runs	Un-discounted Return	Un-discounted Error		Discounted Return	Discounted Error	Time

2015-04-11 01:46:40,019 - Model.Solver - 2500	10.0		10.0	0.0		5.93821387748	0.117095869109		200.887399983
2015-04-11 10:23:45,427 - Model.Solver - Simulations	Runs	Un-discounted Return	Un-discounted Error		Discounted Return	Discounted Error	Time

2015-04-11 10:24:25,128 - Model.Solver - Simulations	Runs	Un-discounted Return	Un-discounted Error		Discounted Return	Discounted Error	Time

2015-04-11 10:42:23,040 - Model.Solver - Simulations	Runs	Un-discounted Return	Un-discounted Error		Discounted Return	Discounted Error	Time

2015-04-11 10:42:35,068 - Model.Solver - 100	1.0		10.0	0.0		5.68800092276	0.0		12.010999918
2015-04-11 10:43:19,078 - Model.Solver - Simulations	Runs	Un-discounted Return	Un-discounted Error		Discounted Return	Discounted Error	Time

2015-04-11 10:56:56,871 - Model.Solver - Simulations	Runs	Un-discounted Return	Un-discounted Error		Discounted Return	Discounted Error	Time

2015-04-11 10:57:00,609 - Model.Solver - 100	1.0		10.0	0.0		7.35091890625	0.0		3.72599983215
2015-04-11 10:57:36,197 - Model.Solver - Simulations	Runs	Un-discounted Return	Un-discounted Error		Discounted Return	Discounted Error	Time

2015-04-11 10:57:41,029 - Model.Solver - 1000	1.0		10.0	0.0		7.737809375	0.0		4.81999993324
2015-04-11 10:58:30,913 - Model.Solver - Simulations	Runs	Un-discounted Return	Un-discounted Error		Discounted Return	Discounted Error	Time

2015-04-11 10:58:35,959 - Model.Solver - 1000	1.0		10.0	0.0		7.737809375	0.0		5.03299999237
2015-04-11 10:59:19,611 - Model.Solver - Simulations	Runs	Un-discounted Return	Un-discounted Error		Discounted Return	Discounted Error	Time

2015-04-11 10:59:23,365 - Model.Solver - 1	1.0		10.0	0.0		7.35091890625	0.0		3.74000000954
2015-04-11 11:00:05,302 - Model.Solver - Simulations	Runs	Un-discounted Return	Un-discounted Error		Discounted Return	Discounted Error	Time

2015-04-11 11:00:09,009 - Model.Solver - 1	1.0		10.0	0.0		7.35091890625	0.0		3.6930000782
2015-04-11 11:01:35,167 - Model.Solver - Simulations	Runs	Un-discounted Return	Un-discounted Error		Discounted Return	Discounted Error	Time

2015-04-11 11:01:41,901 - Model.Solver - Simulations	Runs	Un-discounted Return	Un-discounted Error		Discounted Return	Discounted Error	Time

2015-04-11 11:08:50,012 - Model.Solver - Simulations	Runs	Un-discounted Return	Un-discounted Error		Discounted Return	Discounted Error	Time

2015-04-11 11:08:53,789 - Model.Solver - 1	1.0		10.0	0.0		7.35091890625	0.0		3.76300001144
2015-04-11 11:13:04,631 - Model.Solver - Simulations	Runs	Un-discounted Return	Un-discounted Error		Discounted Return	Discounted Error	Time

2015-04-11 11:15:42,579 - Model.Solver - Simulations	Runs	Un-discounted Return	Un-discounted Error		Discounted Return	Discounted Error	Time

2015-04-11 11:17:08,226 - Model.Solver - Simulations	Runs	Un-discounted Return	Un-discounted Error		Discounted Return	Discounted Error	Time

2015-04-11 11:22:53,282 - Model.Solver - Simulations	Runs	Un-discounted Return	Un-discounted Error		Discounted Return	Discounted Error	Time

2015-04-11 11:24:00,108 - Model.Solver - Simulations	Runs	Un-discounted Return	Un-discounted Error		Discounted Return	Discounted Error	Time

2015-04-11 11:24:04,384 - Model.Solver - 1	1.0		30.0	0.0		12.6110795109	0.0		4.25800013542
2015-04-11 11:28:09,430 - Model.Solver - Simulations	Runs	Un-discounted Return	Un-discounted Error		Discounted Return	Discounted Error	Time

2015-04-11 11:30:00,144 - Model.Solver - Simulations	Runs	Un-discounted Return	Un-discounted Error		Discounted Return	Discounted Error	Time

2015-04-11 11:30:15,118 - Model.Solver - 1	2.0		40.0	0.0		2.82642448254	0.840230093659		7.46899998188
2015-04-11 11:37:47,645 - Model.Solver - Simulations	Runs	Un-discounted Return	Un-discounted Error		Discounted Return	Discounted Error	Time

2015-04-11 11:38:17,644 - Model.Solver - Simulations	Runs	Un-discounted Return	Un-discounted Error		Discounted Return	Discounted Error	Time

2015-04-11 11:43:42,690 - Model.Solver - 1000	2.0		10.0	0.0		4.32514290825	0.390044967449		162.509499907
2015-04-11 11:47:39,473 - Model.Solver - Simulations	Runs	Un-discounted Return	Un-discounted Error		Discounted Return	Discounted Error	Time

2015-04-11 12:25:35,838 - Model.Solver - Simulations	Runs	Un-discounted Return	Un-discounted Error		Discounted Return	Discounted Error	Time

2015-04-11 12:57:48,795 - Model.Solver - Simulations	Runs	Un-discounted Return	Un-discounted Error		Discounted Return	Discounted Error	Time

2015-04-11 13:08:35,864 - Model.Solver - Simulations	Runs	Un-discounted Return	Un-discounted Error		Discounted Return	Discounted Error	Time

2015-04-11 13:36:14,312 - Model.Solver - Simulations	Runs	Un-discounted Return	Un-discounted Error		Discounted Return	Discounted Error	Time

2015-04-11 13:44:49,888 - Model.Solver - Simulations	Runs	Un-discounted Return	Un-discounted Error		Discounted Return	Discounted Error	Time

2015-04-11 13:44:56,305 - Model.Solver - Simulations	Runs	Un-discounted Return	Un-discounted Error		Discounted Return	Discounted Error	Time

2015-04-11 13:49:50,732 - Model.Solver - Simulations	Runs	Un-discounted Return	Un-discounted Error		Discounted Return	Discounted Error	Time

2015-04-11 14:11:31,257 - Model.Solver - Simulations	Runs	Un-discounted Return	Un-discounted Error		Discounted Return	Discounted Error	Time

2015-04-11 18:37:04,589 - Model.Solver - Simulations	Runs	Un-discounted Return	Un-discounted Error		Discounted Return	Discounted Error	Time

2015-04-11 18:38:48,394 - Model.Solver - Simulations	Runs	Un-discounted Return	Un-discounted Error		Discounted Return	Discounted Error	Time

2015-04-11 18:47:07,497 - Model.Solver - Simulations	Runs	Un-discounted Return	Un-discounted Error		Discounted Return	Discounted Error	Time

2015-04-11 18:47:17,148 - Model.Solver - Simulations	Runs	Un-discounted Return	Un-discounted Error		Discounted Return	Discounted Error	Time

2015-04-11 19:05:51,346 - Model.Solver - Simulations	Runs	Un-discounted Return	Un-discounted Error		Discounted Return	Discounted Error	Time

2015-04-11 19:08:47,697 - Model.Solver - Simulations	Runs	Un-discounted Return	Un-discounted Error		Discounted Return	Discounted Error	Time

2015-04-11 19:12:44,796 - Model.Solver - Simulations	Runs	Un-discounted Return	Un-discounted Error		Discounted Return	Discounted Error	Time

2015-04-11 19:17:40,811 - Model.Solver - Simulations	Runs	Un-discounted Return	Un-discounted Error		Discounted Return	Discounted Error	Time

2015-04-11 19:18:36,964 - Model.Solver - Simulations	Runs	Un-discounted Return	Un-discounted Error		Discounted Return	Discounted Error	Time

2015-04-11 19:47:25,216 - Model.Solver - Simulations	Runs	Un-discounted Return	Un-discounted Error		Discounted Return	Discounted Error	Time

2015-04-11 19:47:52,246 - Model.Solver - Simulations	Runs	Un-discounted Return	Un-discounted Error		Discounted Return	Discounted Error	Time

2015-04-11 19:48:45,717 - Model.Solver - 100	1.0		10.0	0.0		3.77353602535	0.0		53.4559998512
2015-04-11 21:05:45,381 - Model.Solver - Simulations	Runs	Un-discounted Return	Un-discounted Error		Discounted Return	Discounted Error	Time

2015-04-11 21:06:00,407 - Model.Solver - Simulations	Runs	Un-discounted Return	Un-discounted Error		Discounted Return	Discounted Error	Time

2015-04-11 21:06:19,832 - Model.Solver - Simulations	Runs	Un-discounted Return	Un-discounted Error		Discounted Return	Discounted Error	Time

2015-04-11 21:06:58,467 - Model.Solver - Simulations	Runs	Un-discounted Return	Un-discounted Error		Discounted Return	Discounted Error	Time

2015-04-11 21:15:36,529 - Model.Solver - Simulations	Runs	Un-discounted Return	Un-discounted Error		Discounted Return	Discounted Error	Time

2015-04-11 21:16:03,036 - Model.Solver - Simulations	Runs	Un-discounted Return	Un-discounted Error		Discounted Return	Discounted Error	Time

2015-04-11 21:16:33,732 - Model.Solver - 100	1.0		60.0	0.0		36.1840724123	0.0		30.6800000668
2015-04-11 21:22:24,017 - Model.Solver - Simulations	Runs	Un-discounted Return	Un-discounted Error		Discounted Return	Discounted Error	Time

2015-04-11 21:24:51,680 - Model.Solver - Simulations	Runs	Un-discounted Return	Un-discounted Error		Discounted Return	Discounted Error	Time

2015-04-11 21:32:58,063 - Model.Solver - Simulations	Runs	Un-discounted Return	Un-discounted Error		Discounted Return	Discounted Error	Time

2015-04-11 21:35:01,941 - Model.Solver - Simulations	Runs	Un-discounted Return	Un-discounted Error		Discounted Return	Discounted Error	Time

2015-04-11 21:44:36,046 - Model.Solver - Simulations	Runs	Un-discounted Return	Un-discounted Error		Discounted Return	Discounted Error	Time

2015-04-11 22:30:24,499 - Model.Solver - Simulations	Runs	Un-discounted Return	Un-discounted Error		Discounted Return	Discounted Error	Time

2015-04-11 22:33:27,924 - Model.Solver - Simulations	Runs	Un-discounted Return	Un-discounted Error		Discounted Return	Discounted Error	Time

2015-04-11 22:35:28,186 - Model.Solver - Simulations	Runs	Un-discounted Return	Un-discounted Error		Discounted Return	Discounted Error	Time

2015-04-11 22:38:29,924 - Model.Solver - 100	2.0		10.0	0.0		5.5177354997	0.789462668787		90.8554998636
2015-04-11 22:38:39,615 - Model.Solver - Simulations	Runs	Un-discounted Return	Un-discounted Error		Discounted Return	Discounted Error	Time

2015-04-11 22:41:10,802 - Model.Solver - Simulations	Runs	Un-discounted Return	Un-discounted Error		Discounted Return	Discounted Error	Time

2015-04-11 23:09:50,046 - Model.Solver - Simulations	Runs	Un-discounted Return	Un-discounted Error		Discounted Return	Discounted Error	Time

2015-04-11 23:10:11,138 - Model.Solver - Simulations	Runs	Un-discounted Return	Un-discounted Error		Discounted Return	Discounted Error	Time

2015-04-11 23:11:46,122 - Model.Solver - 100	2.0		10.0	0.0		2.59650433598	0.972723558314		47.4779999256
2015-04-11 23:12:05,328 - Model.Solver - Simulations	Runs	Un-discounted Return	Un-discounted Error		Discounted Return	Discounted Error	Time

2015-04-11 23:15:11,384 - Model.Solver - Simulations	Runs	Un-discounted Return	Un-discounted Error		Discounted Return	Discounted Error	Time

2015-04-11 23:17:13,857 - Model.Solver - Simulations	Runs	Un-discounted Return	Un-discounted Error		Discounted Return	Discounted Error	Time

2015-04-11 23:17:34,855 - Model.Solver - Simulations	Runs	Un-discounted Return	Un-discounted Error		Discounted Return	Discounted Error	Time

2015-04-11 23:19:49,411 - Model.Solver - Simulations	Runs	Un-discounted Return	Un-discounted Error		Discounted Return	Discounted Error	Time

2015-04-11 23:23:21,247 - Model.Solver - Simulations	Runs	Un-discounted Return	Un-discounted Error		Discounted Return	Discounted Error	Time

2015-04-11 23:25:17,473 - Model.Solver - Simulations	Runs	Un-discounted Return	Un-discounted Error		Discounted Return	Discounted Error	Time

2015-04-11 23:46:28,164 - Model.Solver - 250	5.0		20.0	0.0		13.2285547472	0.220742253253		254.125600052
2015-04-11 23:55:33,065 - Model.Solver - Simulations	Runs	Un-discounted Return	Un-discounted Error		Discounted Return	Discounted Error	Time

2015-04-11 23:57:07,716 - Model.Solver - 250	2.0		10.0	0.0		5.56039511259	0.301916408635		47.3115000725
2015-04-12 00:00:15,135 - Model.Solver - Simulations	Runs	Un-discounted Return	Un-discounted Error		Discounted Return	Discounted Error	Time

2015-04-12 00:01:47,332 - Model.Solver - Simulations	Runs	Un-discounted Return	Un-discounted Error		Discounted Return	Discounted Error	Time

2015-04-12 00:03:58,312 - Model.Solver - 500	2.0		10.0	0.0		6.64293352909	0.240727030841		65.4729999304
2015-04-12 00:04:40,299 - Model.Solver - Simulations	Runs	Un-discounted Return	Un-discounted Error		Discounted Return	Discounted Error	Time

2015-04-12 00:07:00,828 - Model.Solver - 500	2.0		15.0	3.53553390593		9.30447154883	2.34554542871		70.2509999275
2015-04-12 00:09:19,148 - Model.Solver - Simulations	Runs	Un-discounted Return	Un-discounted Error		Discounted Return	Discounted Error	Time

2015-04-12 00:12:50,924 - Model.Solver - 750	2.0		10.0	0.0		6.86258938369	0.618873990884		105.874500036
2015-04-12 00:13:53,667 - Model.Solver - Simulations	Runs	Un-discounted Return	Un-discounted Error		Discounted Return	Discounted Error	Time

2015-04-12 00:16:55,914 - Model.Solver - 750	2.0		10.0	0.0		6.14493174481	0.111413407864		91.1089999676
2015-04-12 00:17:46,989 - Model.Solver - Simulations	Runs	Un-discounted Return	Un-discounted Error		Discounted Return	Discounted Error	Time

2015-04-12 00:20:52,348 - Model.Solver - 750	2.0		10.0	0.0		6.82670650175	0.370674146005		92.6664999723
2015-04-12 00:23:19,614 - Model.Solver - Simulations	Runs	Un-discounted Return	Un-discounted Error		Discounted Return	Discounted Error	Time

2015-04-12 00:26:00,374 - Model.Solver - 1000	2.0		10.0	0.0		7.54436414062	0.136786437015		80.3664999008
2015-04-12 00:26:43,322 - Model.Solver - Simulations	Runs	Un-discounted Return	Un-discounted Error		Discounted Return	Discounted Error	Time

2015-04-12 00:34:50,724 - Model.Solver - 1000	2.0		10.0	0.0		8.6077333891	0.183000448305		243.686500072
2015-04-12 00:36:40,315 - Model.Solver - Simulations	Runs	Un-discounted Return	Un-discounted Error		Discounted Return	Discounted Error	Time

2015-04-12 00:48:27,601 - Model.Solver - 1000	2.0		10.0	0.0		8.69446063392	0.184844269897		353.626999974
2015-04-12 00:50:22,302 - Model.Solver - Simulations	Runs	Un-discounted Return	Un-discounted Error		Discounted Return	Discounted Error	Time

2015-04-12 01:00:32,246 - Model.Solver - 1500	2.0		10.0	0.0		9.07225181182	0.176811613879		304.95599997
2015-04-12 01:13:30,109 - Model.Solver - Simulations	Runs	Un-discounted Return	Un-discounted Error		Discounted Return	Discounted Error	Time

2015-04-12 10:22:13,190 - Model.Solver - Simulations	Runs	Un-discounted Return	Un-discounted Error		Discounted Return	Discounted Error	Time

2015-04-12 10:37:13,884 - Model.Solver - Simulations	Runs	Un-discounted Return	Un-discounted Error		Discounted Return	Discounted Error	Time

2015-04-12 11:01:26,105 - Model.Solver - Simulations	Runs	Un-discounted Return	Un-discounted Error		Discounted Return	Discounted Error	Time

2015-04-12 11:12:55,513 - Model.Solver - Simulations	Runs	Un-discounted Return	Un-discounted Error		Discounted Return	Discounted Error	Time

2015-04-12 11:20:44,153 - Model.Solver - Simulations	Runs	Un-discounted Return	Un-discounted Error		Discounted Return	Discounted Error	Time

2015-04-12 11:29:16,188 - Model.Solver - Simulations	Runs	Un-discounted Return	Un-discounted Error		Discounted Return	Discounted Error	Time

2015-04-12 11:30:37,328 - Model.Solver - Simulations	Runs	Un-discounted Return	Un-discounted Error		Discounted Return	Discounted Error	Time

2015-04-12 11:59:10,556 - Model.Solver - Simulations	Runs	Un-discounted Return	Un-discounted Error		Discounted Return	Discounted Error	Time

2015-04-12 12:01:40,358 - Model.Solver - 750	2.0		10.0	0.0		9.55937613311	0.0677622797079		74.8869999647
2015-04-12 12:02:01,456 - Model.Solver - Simulations	Runs	Un-discounted Return	Un-discounted Error		Discounted Return	Discounted Error	Time

2015-04-12 12:17:32,121 - Model.Solver - Simulations	Runs	Un-discounted Return	Un-discounted Error		Discounted Return	Discounted Error	Time

2015-04-12 12:27:12,153 - Model.Solver - 750	2.0		15.0	3.53553390593		13.3561690412	2.78595897885		290.001000047
2015-04-12 12:33:45,306 - Model.Solver - Simulations	Runs	Un-discounted Return	Un-discounted Error		Discounted Return	Discounted Error	Time

2015-04-12 12:35:43,915 - Model.Solver - Simulations	Runs	Un-discounted Return	Un-discounted Error		Discounted Return	Discounted Error	Time

2015-04-12 12:41:41,739 - Model.Solver - Simulations	Runs	Un-discounted Return	Un-discounted Error		Discounted Return	Discounted Error	Time

2015-04-12 12:45:55,266 - Model.Solver - 500	3.0		10.0	0.0		9.60701089581	0.0227006698067		84.4959998926
2015-04-12 12:46:13,740 - Model.Solver - Simulations	Runs	Un-discounted Return	Un-discounted Error		Discounted Return	Discounted Error	Time

2015-04-12 12:53:28,897 - Model.Solver - 500	3.0		16.6666666667	2.72165526976		15.7321696435	2.53095550325		145.037666718
